C51 COMPILER V9.00   GV7600                                                                06/28/2013 11:07:06 PAGE 1   


C51 COMPILER V9.00, COMPILATION OF MODULE GV7600
OBJECT MODULE PLACED IN .\outPut\gv7600.obj
COMPILER INVOKED BY: D:\keil\C51\BIN\C51.EXE bsp\gv7600.c LARGE BROWSE INCDIR(.\app;.\bsp;.\sii9135) DEBUG OBJECTEXTEND 
                    -PRINT(.\outPut\gv7600.lst) TABS(2) PREPRINT(.\outPut\gv7600.i) OBJECT(.\outPut\gv7600.obj)

line level    source

   1          #include"gv7600.h"
   2          #include"sii9135.h"
   3          #include"IO.H"
   4          #include<reg52.h>
   5          #include "intrins.h"
   6          #include "CommonLibrary.h"
   7          
   8          //static unsigned int  GV7600_Read_Buff[10] = {0};
   9          
  10          
  11          /*************************************************
  12          *    gv7600 ctrl pin inition
  13          **************************************************/
  14          void gv7600_init(void)
  15          {
  16   1        // gv7600_Rate_Sel0 = low;
  17   1        // gv7600_Rate_Sel1 = high;
  18   1         gv7600_861EN = high;
  19   1         ASI = low;
  20   1      
  21   1         gv7600_RESET_3 = 0;
  22   1         Delay_ms(10);
  23   1         gv7600_RESET_3 = 1;
  24   1         Delay_ms(10);
  25   1         //PRO_EN = high;
  26   1         //DETECT_TRS = low;
  27   1         //ANC_BLANK = low;
  28   1      }
  29          /*************GV7600 Rate Selection*****************/
  30          void GV7600_RateSet(void)
  31          {
  32   1         unsigned pclk_flag = PCLK_Detection();
  33   1         if(pclk_flag==1)
  34   1         {
  35   2           gv7600_Rate_Sel0 = low;
  36   2           gv7600_Rate_Sel1 = high; 
  37   2         }
  38   1         else if(pclk_flag==2)
  39   1         {
  40   2           gv7600_Rate_Sel0 = low;
  41   2           gv7600_Rate_Sel1 = low; 
  42   2         } 
  43   1      }
  44          //Write: command word bit15:R/W bit set LOW; 寄存器地址不变
  45          //read:  地址+0x8000
  46          
  47          /*************************************************
  48          *     spi read-back data from gv7600
  49          *       推荐采用自动增加模式,一次至少读取2个寄存器
  50          **************************************************/
  51          unsigned int gv7600_spi_receive(void)
  52          {
  53   1            unsigned char i = 0;
  54   1          unsigned int tempData = 0;
C51 COMPILER V9.00   GV7600                                                                06/28/2013 11:07:06 PAGE 2   

  55   1          for(i=0;i<16;i++)
  56   1          {
  57   2            tempData <<= 1;
  58   2          tempData |= SDOUT;
  59   2              
  60   2          SCLK = 1;
  61   2          Delay_ms(1);
  62   2          SCLK = 0;
  63   2          Delay_ms(1);
  64   2          }
  65   1          return tempData;
  66   1      }
  67          /*************************************************
  68          *        spi send word data to  gv7600
  69          **************************************************/
  70          void gv7600_spi_send(unsigned int Data)
  71          {
  72   1         unsigned char i = 0;
  73   1         for(i=0;i<16;i++)
  74   1         {
  75   2          if(Data&0x8000)//判断高位是否为1，先发送MSB
  76   2           SDIN = 1;
  77   2          else
  78   2           SDIN = 0;
  79   2          Delay_ms(1);
  80   2          
  81   2          SCLK = 1;
  82   2          Delay_ms(1);
  83   2          SCLK = 0;
  84   2          
  85   2          Data <<= 1;
  86   2         }
  87   1      }
  88          /************************************************
  89          *  把读取到的寄存器放到数组里面，经串口发送出来
  90          *************************************************/
  91          void gv7600_spi_read(unsigned int Addr)
  92          {
  93   1             CS = 1;
  94   1           SCLK = 0;
  95   1           
  96   1           Delay_ms(1);
  97   1           CS = 0;       
  98   1      
  99   1           gv7600_spi_send(Addr|0x8000);  //auto-increment
 100   1           Delay_ms(2);
 101   1           GV7600_Read_Buff[Addr]=gv7600_spi_receive();
 102   1           Delay_ms(1);
 103   1        
 104   1           CS = 1;
 105   1           SCLK = 0;
 106   1      }
 107          
 108          /*************************************************
 109          *  功能： addr寄存器写入data
 110          *  call： gv7600_spi_send(INT16U Data)       
 111          **************************************************/
 112          void gv7600_spi_write(unsigned int addr,unsigned int Data)
 113          {
 114   1          CS = 0;
 115   1      
 116   1        _nop_();
C51 COMPILER V9.00   GV7600                                                                06/28/2013 11:07:06 PAGE 3   

 117   1        gv7600_spi_send(addr);
 118   1          gv7600_spi_send(Data);
 119   1        _nop_();
 120   1      
 121   1        CS = 1;
 122   1      }
*** WARNING C316 IN LINE 122 OF bsp\gv7600.c: unterminated conditionals


MODULE INFORMATION:   STATIC OVERLAYABLE
   CODE SIZE        =    320    ----
   CONSTANT SIZE    =   ----    ----
   XDATA SIZE       =   ----      10
   PDATA SIZE       =   ----    ----
   DATA SIZE        =   ----    ----
   IDATA SIZE       =   ----    ----
   BIT SIZE         =   ----    ----
END OF MODULE INFORMATION.


C51 COMPILATION COMPLETE.  1 WARNING(S),  0 ERROR(S)
