C51 COMPILER V9.00   RXCONF                                                                07/31/2013 09:43:02 PAGE 1   


C51 COMPILER V9.00, COMPILATION OF MODULE RXCONF
OBJECT MODULE PLACED IN .\outPut\rxConf.obj
COMPILER INVOKED BY: D:\keil\C51\BIN\C51.EXE app\rxConf.c LARGE BROWSE INCDIR(.\app;.\bsp;.\sii9135) DEBUG OBJECTEXTEND 
                    -PRINT(.\outPut\rxConf.lst) TABS(2) PREPRINT(.\outPut\rxConf.i) OBJECT(.\outPut\rxConf.obj)

line level    source

   1          #include "EP9132.h"
   2          #include "eeprom.h"
   3          #include "typedef.h"
   4          #include "uart.h"
   5          #include "CommonLibrary.h"
   6          #include "io.h"
   7          
   8          
   9          
  10          
  11          /********************************************
  12          *
  13          *  Init IC on Board and MCU IO Ports
  14          *
  15          ********************************************/
  16          void BoardInit(void)
  17          {
  18   1        //LED Control
  19   1        LED1 = 0;
  20   1        LED2 = 0;
  21   1        
  22   1        //EP6132 reset pin control
  23   1        tx1_rst = 1;
  24   1        tx2_rst = 1;
  25   1        tx3_rst = 1;
  26   1        tx4_rst = 1;
  27   1        
  28   1        //
  29   1        cardIn_Init = 1;
  30   1        cardInCS    = 1;
  31   1        
  32   1        //DDC CEC pin
  33   1        P1_CEC = 1;
  34   1        P2_CEC = 1;
  35   1        P3_CEC = 1;
  36   1        P4_CEC = 1;
  37   1        
  38   1        //DDC channel select
  39   1        HC4052enable = 1;    /*no channel selected*/
  40   1        s0 = 1;
  41   1        s1 = 1;
  42   1        
  43   1        SDA  = 1; SCL  = 1;
  44   1        SDA1 = 1; SCL1 = 1;
  45   1        
  46   1        IORED_INT = 1;  //PCF8574
  47   1        eeprom_I2CWrite_PCF8574(PCF8574_ADDR_W,0xff); //4 port HDP全部拉高,没有显示器插入时,EP9132不输出信号
  48   1        RS485TxEN = 1; //enable receive
  49   1      //  RS485_TX_EN = 0; //enable transimite
  50   1      }
  51          
  52          //*************************************************
  53          // Description : DDC Channel select
  54          // Arguement   : channel no (1,2,3,4)
C51 COMPILER V9.00   RXCONF                                                                07/31/2013 09:43:02 PAGE 2   

  55          // Return      : none
  56          // Note        : 第一port编号为： 1
  57          //*************************************************
  58          void ddcChannelSel(unsigned char ch)
  59          {
  60   1         HC4052enable = 0;  //firstly, enable 74HC4052
  61   1         if(ch == 1)
  62   1           {s1 = 0; s0 = 0;}  //port 1
  63   1         else if(ch == 2)
  64   1           {s1 = 0; s0 = 1;}
  65   1         else if(ch == 3)
  66   1           {s1 = 1; s0 = 0;}
  67   1         else if(ch == 4)
  68   1           {s1 = 1; s0 = 1;}
  69   1      }
  70          //************************************************************
  71          // Description : control hotplug pin of 4 output ports
  72          // Arguement   : channel no(1,2,3,4)
  73          // Return      : no 
  74          // Note        : 第一port编号为： 1
  75          //               在monitor插入情况下,EP9132 HP会拉高;函数失效
  76          //************************************************************
  77          void  hotplugCtrl(unsigned char ch)
  78          {  
  79   1         if(ch == 1)
  80   1         {
  81   2              eeprom_I2CWrite_PCF8574(PCF8574_ADDR_W,0x0);  //9132 hotplug=1  9132输出
  82   2             //eeprom_I2CWrite_PCF8574(PCF8574_ADDR_W,0xff); //9132 hotplug=0  9132不输出
  83   2         }
  84   1         else
  85   1         {;}
  86   1      
  87   1      }
  88          //******************************************************
  89          // Description : control reset pin of 4 pcs ep9132
  90          // Arguement   : channel no(1,2,3,4)
  91          // Return      : no 
  92          // Note        : 第一port编号为： 1
  93          //******************************************************
  94          void resetEp9132(unsigned char ch)
  95          {
  96   1         if(ch == 1)  //port 1
  97   1         { 
  98   2           tx1_rst = 0;
  99   2           Delay_ms(100);
 100   2           tx1_rst = 1;
 101   2         }
 102   1         else if(ch == 2)
 103   1         { 
 104   2           tx2_rst = 0;
 105   2           Delay_ms(100);
 106   2           tx2_rst = 1;
 107   2         } 
 108   1         else if(ch == 3)
 109   1         {
 110   2           tx3_rst = 0;
 111   2           Delay_ms(100);
 112   2           tx3_rst = 1;
 113   2         }
 114   1         else if(ch == 4)
 115   1         {
 116   2           tx4_rst = 0;
C51 COMPILER V9.00   RXCONF                                                                07/31/2013 09:43:02 PAGE 3   

 117   2           Delay_ms(100);
 118   2           tx4_rst = 1;
 119   2         } 
 120   1      }
 121          


MODULE INFORMATION:   STATIC OVERLAYABLE
   CODE SIZE        =    177    ----
   CONSTANT SIZE    =   ----    ----
   XDATA SIZE       =   ----       1
   PDATA SIZE       =   ----    ----
   DATA SIZE        =   ----    ----
   IDATA SIZE       =   ----    ----
   BIT SIZE         =   ----    ----
END OF MODULE INFORMATION.


C51 COMPILATION COMPLETE.  0 WARNING(S),  0 ERROR(S)
