C51 COMPILER V9.51   SIITRACE                                                              05/29/2013 17:32:12 PAGE 1   


C51 COMPILER V9.51, COMPILATION OF MODULE SIITRACE
OBJECT MODULE PLACED IN .\outPut\SiITrace.obj
COMPILER INVOKED BY: d:\Keil\C51\BIN\C51.EXE sii9135\SiITrace.c LARGE BROWSE INCDIR(.\app;.\bsp;.\sii9135) DEBUG OBJECTE
                    -XTEND PRINT(.\outPut\SiITrace.lst) TABS(2) PREPRINT(.\outPut\SiITrace.i) OBJECT(.\outPut\SiITrace.obj)

line level    source

   1          //------------------------------------------------------------------------------
   2          // Module Name: Trace
   3          // ---
   4          // Module Description: Used to provide debugging Information
   5          //
   6          // Copyright © 2002-2005, Silicon Image, Inc.  All rights reserved.
   7          //
   8          // No part of this work may be reproduced, modified, distributed, transmitted,
   9          // transcribed, or translated into any language or computer format, in any form
  10          // or by any means without written permission of: Silicon Image, Inc.,
  11          // 1060 East Arques Avenue, Sunnyvale, California 94085
  12          //------------------------------------------------------------------------------
  13          #include "SiITrace.h"
  14          #include "SiIGlob.h"
  15          
  16          //------------------------------------------------------------------------------
  17          // Function Name: siiErrorHandler
  18          // Function Description:  Fill in buffer error structure
  19          // Accepts: none
  20          // Returns: none
  21          // Globals: structure SiI_Inf.Error
  22          //------------------------------------------------------------------------------
  23          void siiErrorHandler( BYTE bErrorCode ){
  24   1      
  25   1          if( bErrorCode ) {
  26   2              SiI_bECode[SiI_bECode[0] + 1] = bErrorCode;
  27   2              if ( SiI_bECode[0] < ERR_BUF_SIZE)
  28   2                  SiI_bECode[0]++;
  29   2          }
  30   1      }//------------------------------------------------------------------------------
  31          // Function Name: siiWarningHandler
  32          // Function Description:  Fill in buffer with warning messages
  33          // Accepts: none
  34          // Returns: none
  35          // Globals: SiI_bWCode[16]
  36          //------------------------------------------------------------------------------
  37          void siiWarningHandler( BYTE bWrnCode){
  38   1      
  39   1          if( bWrnCode ) {
  40   2              SiI_bWCode[SiI_bWCode[0] + 1] = bWrnCode;
  41   2              if ( SiI_bWCode[0] < ( WRN_BUF_SIZE - 1 ) )
  42   2                  SiI_bWCode[0]++;
  43   2          }
  44   1      }
  45          //------------------------------------------------------------------------------
  46          // Function Name: siiResetErrorsAndWarnings
  47          // Function Description:  Fill in buffer with warning messages
  48          // Accepts: none
  49          // Returns: none
  50          // Globals: SiI_bWCode[0]
  51          //------------------------------------------------------------------------------
  52          void siiResetErrorsAndWarnings( void ){
  53   1      BYTE i;
  54   1      
C51 COMPILER V9.51   SIITRACE                                                              05/29/2013 17:32:12 PAGE 2   

  55   1          for ( i = 0; i < WRN_BUF_SIZE; i++ )
  56   1              SiI_bWCode[i] = 0;
  57   1          for ( i = 0; i < ERR_BUF_SIZE; i++ )
  58   1              SiI_bECode[i] = 0;
  59   1      
  60   1      }
  61          
  62          //------------------------------------------------------------------------------
  63          // Function Name: siiGetErrorsWarnings
  64          // Function Description:  Fill in buffer error structure
  65          // Accepts: none
  66          // Returns: none
  67          // Globals: structure SiI_Inf.Error
  68          //------------------------------------------------------------------------------
  69          BYTE siiGetErrorsWarnings( void ){
  70   1          return ( SiI_bECode[0] << 4 ) |  SiI_bWCode[0];
  71   1      }
  72          
  73          //------------------------------------------------------------------------------
  74          // Function Name: siiGetErrorsData
  75          // Function Description:
  76          // Accepts:  pbErrData
  77          // Returns:  number of errors
  78          // Globals: SiI_bWCode
  79          //------------------------------------------------------------------------------
  80          BYTE siiGetErrorsData( BYTE * pbErrData ){
  81   1      BYTE i;
  82   1      
  83   1          for ( i = 0; i < SiI_bECode[0]; i++ ){
  84   2              pbErrData[i] = SiI_bECode[1 + i];
  85   2          }
  86   1          return SiI_bECode[0];
  87   1      
  88   1      }
  89          
  90          //------------------------------------------------------------------------------
  91          // Function Name: siiGetWarningData
  92          // Function Description:
  93          // Accepts: pbWrnData
  94          // Returns: number of warnings
  95          // Globals: SiI_bECode
  96          //------------------------------------------------------------------------------
  97          
  98          BYTE siiGetWarningData( BYTE * pbWrnData ){
  99   1      BYTE i;
 100   1      
 101   1          for ( i = 0; i < SiI_bWCode[0]; i++ ){
 102   2              pbWrnData[i] = SiI_bWCode[1 + i];
 103   2          }
 104   1      
 105   1          return SiI_bWCode[0];
 106   1      }
 107          
 108          
 109          


MODULE INFORMATION:   STATIC OVERLAYABLE
   CODE SIZE        =    176    ----
   CONSTANT SIZE    =   ----    ----
   XDATA SIZE       =   ----       6
   PDATA SIZE       =   ----    ----
C51 COMPILER V9.51   SIITRACE                                                              05/29/2013 17:32:12 PAGE 3   

   DATA SIZE        =   ----    ----
   IDATA SIZE       =   ----    ----
   BIT SIZE         =   ----    ----
END OF MODULE INFORMATION.


C51 COMPILATION COMPLETE.  0 WARNING(S),  0 ERROR(S)
