C51 COMPILER V9.51   SIITTHDCP                                                             05/29/2013 17:36:14 PAGE 1   


C51 COMPILER V9.51, COMPILATION OF MODULE SIITTHDCP
OBJECT MODULE PLACED IN .\outPut\SiITTHDCP.obj
COMPILER INVOKED BY: d:\Keil\C51\BIN\C51.EXE sii9135\SiITTHDCP.c LARGE BROWSE INCDIR(.\app;.\bsp;.\sii9135) DEBUG OBJECT
                    -EXTEND PRINT(.\outPut\SiITTHDCP.lst) TABS(2) PREPRINT(.\outPut\SiITTHDCP.i) OBJECT(.\outPut\SiITTHDCP.obj)

line level    source

   1          //------------------------------------------------------------------------------
   2          // Module Name:  SiITTHDCP
   3          //
   4          // Module Description:  Executes Timer HDCP tasks
   5          //
   6          // Copyright © 2002-2005, Silicon Image, Inc.  All rights reserved.
   7          //
   8          // No part of this work may be reproduced, modified, distributed, transmitted,
   9          // transcribed, or translated into any language or computer format, in any form
  10          // or by any means without written permission of: Silicon Image, Inc.,
  11          // 1060 East Arques Avenue, Sunnyvale, California 94085
  12          //------------------------------------------------------------------------------
  13          #include "SiIGlob.h"
  14          #include "SiITTHDCP.h"
  15          #include "SiITrace.h"
  16          #include "SiIHDCP.h"
  17          #include "SiIRXDefs.h"
  18          
  19          
  20          //------------------------------------------------------------------------------
  21          // Function Name: siiGetHDCPStatus
  22          // Function Description: This function reads HDCP status
  23          //
  24          // Accepts: none
  25          // Returns: BYTE of HDCP status
  26          // Globals: none
  27          //------------------------------------------------------------------------------
  28          BYTE siiGetHDCPStatus( void ){
  29   1      BYTE bStatus;
  30   1      
  31   1          if( siiCheckHDCPDecrypting())
  32   1              bStatus = SiI_RX_HDCP_Decrypted;
  33   1          else
  34   1              bStatus = SiI_RX_HDCP_NotDecrypted;
  35   1          return bStatus;
  36   1      
  37   1      }
  38          


MODULE INFORMATION:   STATIC OVERLAYABLE
   CODE SIZE        =     24    ----
   CONSTANT SIZE    =   ----    ----
   XDATA SIZE       =   ----       1
   PDATA SIZE       =   ----    ----
   DATA SIZE        =   ----    ----
   IDATA SIZE       =   ----    ----
   BIT SIZE         =   ----    ----
END OF MODULE INFORMATION.


C51 COMPILATION COMPLETE.  0 WARNING(S),  0 ERROR(S)
