C51 COMPILER V9.51   SIITHDCP                                                              05/29/2013 17:36:13 PAGE 1   


C51 COMPILER V9.51, COMPILATION OF MODULE SIITHDCP
OBJECT MODULE PLACED IN .\outPut\SiITHDCP.obj
COMPILER INVOKED BY: d:\Keil\C51\BIN\C51.EXE sii9135\SiITHDCP.c LARGE BROWSE INCDIR(.\app;.\bsp;.\sii9135) DEBUG OBJECTE
                    -XTEND PRINT(.\outPut\SiITHDCP.lst) TABS(2) PREPRINT(.\outPut\SiITHDCP.i) OBJECT(.\outPut\SiITHDCP.obj)

line level    source

   1          //------------------------------------------------------------------------------
   2          // Module Name: SiITHDCP
   3          //
   4          // Module Description: services time polling HDCP functions
   5          //
   6          //------------------------------------------------------------------------------
   7          // Copyright © 2002-2005, Silicon Image, Inc.  All rights reserved.
   8          //
   9          // No part of this work may be reproduced, modified, distributed, transmitted,
  10          // transcribed, or translated into any language or computer format, in any form
  11          // or by any means without written permission of: Silicon Image, Inc.,
  12          // 1060 East Arques Avenue, Sunnyvale, California 94085
  13          //------------------------------------------------------------------------------
  14          #include <stdio.h>
  15          #include "SiIGlob.h"
  16          #include "SiITHDCP.h"
  17          #include "SiITrace.h"
  18          #include "SiIRXIO.h"
  19          #include "SiIRXDefs.h"
  20          
  21          //------------------------------------------------------------------------------
  22          // Function Name:
  23          // Function Description:
  24          //------------------------------------------------------------------------------
  25          static BOOL CheckHDCPDecypting( void ){
  26   1      BOOL qResult = FALSE;
  27   1      
  28   1          if ( siiReadByteHDMIRXP0( RX_HDCP_STAT_ADDR ) & RX_BIT_HDCP_DECRYPTING )
  29   1              qResult = TRUE;
  30   1          return  qResult;
  31   1      }
  32          //------------------------------------------------------------------------------
  33          // Function Name:
  34          // Function Description:
  35          //
  36          // Accepts: none
  37          // Returns: none
  38          // Globals: none
  39          //------------------------------------------------------------------------------
  40          BYTE siiGetHDCPStatus( void ){
  41   1      BYTE bStatus;
  42   1      
  43   1          if( CheckHDCPDecypting())
  44   1              bStatus = SiI_RX_HDCP_Decrypted;
  45   1          else
  46   1              bStatus = SiI_RX_HDCP_NotDecrypted;
  47   1          return bStatus;
  48   1      
  49   1      }
  50          
  51          


MODULE INFORMATION:   STATIC OVERLAYABLE
C51 COMPILER V9.51   SIITHDCP                                                              05/29/2013 17:36:13 PAGE 2   

   CODE SIZE        =     42    ----
   CONSTANT SIZE    =   ----    ----
   XDATA SIZE       =   ----       1
   PDATA SIZE       =   ----    ----
   DATA SIZE        =   ----    ----
   IDATA SIZE       =   ----    ----
   BIT SIZE         =   ----       1
END OF MODULE INFORMATION.


C51 COMPILATION COMPLETE.  0 WARNING(S),  0 ERROR(S)
