C51 COMPILER V9.51   SIITTASKS                                                             05/29/2013 17:36:13 PAGE 1   


C51 COMPILER V9.51, COMPILATION OF MODULE SIITTASKS
OBJECT MODULE PLACED IN .\outPut\SiITTasks.obj
COMPILER INVOKED BY: d:\Keil\C51\BIN\C51.EXE sii9135\SiITTasks.c LARGE BROWSE INCDIR(.\app;.\bsp;.\sii9135) DEBUG OBJECT
                    -EXTEND PRINT(.\outPut\SiITTasks.lst) TABS(2) PREPRINT(.\outPut\SiITTasks.i) OBJECT(.\outPut\SiITTasks.obj)

line level    source

   1          //------------------------------------------------------------------------------
   2          // Module Name: SiI Timer tasks
   3          // ---
   4          // Module Description: Here timer schedueled tasks will be called
   5          //
   6          // Copyright © 2002-2005, Silicon Image, Inc.  All rights reserved.
   7          //
   8          // No part of this work may be reproduced, modified, distributed, transmitted,
   9          // transcribed, or translated into any language or computer format, in any form
  10          // or by any means without written permission of: Silicon Image, Inc.,
  11          // 1060 East Arques Avenue, Sunnyvale, California 94085
  12          //------------------------------------------------------------------------------
  13          
  14          #include "SiIGlob.h"
  15          #include "SiITTasks.h"
  16          #include "SiITTVideo.h"
  17          #include "SiITTAudio.h"
  18          #include "SiITTInfoPkts.h"
  19          #include "SiITTHDCP.h"
  20          #include "SiIISR.h"
  21          #include "SiIHDMIRX.h"
  22          #include "SiISysCtrl.h"
  23          #include "SiITrace.h"
  24          //------------------------------------------------------------------------------
  25          // Function Name: siiInitACPCheckTimeOut
  26          // Function Description: Intitialize ACP Timeout Check
  27          //
  28          // Accepts: none
  29          // Returns: none
  30          // Globals: none
  31          //------------------------------------------------------------------------------
  32          void siiInitACPCheckTimeOut ( void ) {
  33   1      
  34   1          SiI_Ctrl.bInfoFrameTimeOut = 300;
  35   1      }
  36          
  37          //------------------------------------------------------------------------------
  38          // Function Name: TTSysTasksHandler
  39          // Function Description:  This function clears BCH Errors, Polls HDMI Cable Status and calls ReInit RX on
  40          //                        HDMI Cable Plug In Event
  41          //------------------------------------------------------------------------------
  42          static void TTSysTasksHandler( void ) {
  43   1      
  44   1      
  45   1          SiI_Inf.bHDCPStatus = siiGetHDCPStatus();
  46   1      
  47   1          if ( siiRX_CheckCableHPD ()) {
  48   2              if( !(SiI_Inf.bGlobStatus & SiI_RX_Global_OldHotPlugDetect) ){
  49   3                  SiI_Inf.bGlobStatus |= SiI_RX_Global_OldHotPlugDetect;
  50   3                  siiReInitRX();
  51   3      
  52   3      //YMA set the terminaion to 3k ohm first and then after HPD, change it back to normal
  53   3          if ( SiI_Ctrl.bDevId == RX_SiI9135 || SiI_Ctrl.bDevId ==  RX_SiI9125){//YMA others use default
  54   4            if(SiI_Ctrl.bVidInChannel==SiI_RX_VInCh1)
C51 COMPILER V9.51   SIITTASKS                                                             05/29/2013 17:36:13 PAGE 2   

  55   4              siiSetNormalTerminationValueCh1(ON);
  56   4            else
  57   4              siiSetNormalTerminationValueCh2(ON);
  58   4            }
  59   3              }
  60   2              SiI_Inf.bGlobStatus |= SiI_RX_Global_HotPlugDetect;
  61   2      
  62   2      
  63   2          }
  64   1          else {
  65   2          if ( SiI_Ctrl.bDevId == RX_SiI9135 || SiI_Ctrl.bDevId ==  RX_SiI9125){//YMA others use default
  66   3            if(SiI_Ctrl.bVidInChannel==SiI_RX_VInCh1)
  67   3              siiSetNormalTerminationValueCh1(OFF);
  68   3            else
  69   3              siiSetNormalTerminationValueCh2(OFF);
  70   3            }
  71   2      
  72   2              SiI_Inf.bGlobStatus &= (~SiI_RX_Global_HotPlugDetect);
  73   2              SiI_Inf.bGlobStatus &= (~SiI_RX_Global_OldHotPlugDetect);
  74   2           }
  75   1      }
  76          //------------------------------------------------------------------------------
  77          // Function Name: CheckAudioTimeOut()
  78          // Function Description:
  79          //------------------------------------------------------------------------------
  80          BOOL CheckAudioTimeOut( WORD wTimeDiff ){
  81   1      BOOL qResult = FALSE;
  82   1      
  83   1          if ( SiI_Ctrl.wAudioTimeOut ) {
  84   2              if ( SiI_Ctrl.wAudioTimeOut >= wTimeDiff ){
  85   3                  SiI_Ctrl.wAudioTimeOut -= wTimeDiff;
  86   3                  if ( !SiI_Ctrl.wAudioTimeOut )
  87   3                      qResult = TRUE;
  88   3              }
  89   2              else {
  90   3                  qResult = TRUE;
  91   3                  SiI_Ctrl.wAudioTimeOut = 0;
  92   3              }
  93   2          }
  94   1          return qResult;
  95   1      }
  96          //------------------------------------------------------------------------------
  97          // Function Name: CheckVideoTimeOut()
  98          // Function Description:
  99          //------------------------------------------------------------------------------
 100          BOOL CheckVideoTimeOut( WORD wTimeDiff ){
 101   1      BOOL qResult = FALSE;
 102   1      
 103   1          if ( SiI_Ctrl.wVideoTimeOut ) {
 104   2              if ( SiI_Ctrl.wVideoTimeOut >= wTimeDiff ){
 105   3                  SiI_Ctrl.wVideoTimeOut -= wTimeDiff;
 106   3                  if ( !SiI_Ctrl.wVideoTimeOut )
 107   3                      qResult = TRUE;
 108   3              }
 109   2              else {
 110   3                  qResult = TRUE;
 111   3                  SiI_Ctrl.wVideoTimeOut = 0;
 112   3              }
 113   2          }
 114   1          return qResult;
 115   1      }
 116          //------------------------------------------------------------------------------
C51 COMPILER V9.51   SIITTASKS                                                             05/29/2013 17:36:13 PAGE 3   

 117          // Function Name: CheckInfoFrameTimeOut()
 118          // Function Description:
 119          //------------------------------------------------------------------------------
 120          BOOL CheckInfoFrameTimeOut( WORD wTimeDiff ){
 121   1      BOOL qResult = FALSE;
 122   1      
 123   1          if ( SiI_Ctrl.bInfoFrameTimeOut ) {
 124   2              if ( (WORD)SiI_Ctrl.bInfoFrameTimeOut >= wTimeDiff ){
 125   3                  SiI_Ctrl.bInfoFrameTimeOut -= wTimeDiff;
 126   3                  if ( !SiI_Ctrl.bInfoFrameTimeOut )
 127   3                      qResult = TRUE;
 128   3              }
 129   2              else {
 130   3                  qResult = TRUE;
 131   3              }
 132   2      
 133   2          }
 134   1          return qResult;
 135   1      }
 136          //------------------------------------------------------------------------------
 137          // Function Name: siiTimerTasksHandler
 138          // Function Description:
 139          //------------------------------------------------------------------------------
 140          BYTE siiTimerTasksHandler(BYTE bSlotTime ){
 141   1      static BYTE bTaskSlot = SiI_RX_TT_Video;
 142   1      BYTE bECode = FALSE;
 143   1      BOOL qAudioTimeOut = FALSE;
 144   1      BOOL qVideoTimeOut = FALSE;
 145   1      
 146   1      
 147   1          if ( CheckVideoTimeOut( bSlotTime ) ){
 148   2              qVideoTimeOut = TRUE;
 149   2              siiTTVideoHandler( qVideoTimeOut );
 150   2          }
 151   1          if ( SiI_Inf.bGlobStatus & SiI_RX_GlobalHDMI_Detected ){
 152   2              if ( CheckAudioTimeOut( bSlotTime ) ){
 153   3                  qAudioTimeOut = TRUE;
 154   3                  bECode = siiTTAudioHandler( qAudioTimeOut );
 155   3                  if( bECode == SiI_EC_FIFO_UnderRunStuck )
 156   3                      siiReInitRX();
 157   3              }
 158   2              if ( CheckInfoFrameTimeOut( bSlotTime ) ){
 159   3                  siiInitACPCheckTimeOut();
 160   3                  siiTTInfoFrameHandler();
 161   3              }
 162   2          }
 163   1      
 164   1          switch ( bTaskSlot++ ) {
 165   2              case SiI_RX_TT_Video: siiTTVideoHandler( 0 );
 166   2                  break;
 167   2              case SiI_RX_TT_Audio: siiTTAudioHandler( 0 );
 168   2                  break;
 169   2              case SiI_RX_TT_InfoFrmPkt:
 170   2                  break;
 171   2              case SiI_RX_TT_Sys:  TTSysTasksHandler();
 172   2                  break;
 173   2          }
 174   1          if ( bTaskSlot == SiI_RX_TT_Last )
 175   1              bTaskSlot = SiI_RX_TT_Video;
 176   1      
 177   1          return bECode;
 178   1      }
C51 COMPILER V9.51   SIITTASKS                                                             05/29/2013 17:36:13 PAGE 4   

 179          


MODULE INFORMATION:   STATIC OVERLAYABLE
   CODE SIZE        =    364    ----
   CONSTANT SIZE    =   ----    ----
   XDATA SIZE       =      1       2
   PDATA SIZE       =   ----    ----
   DATA SIZE        =   ----    ----
   IDATA SIZE       =   ----    ----
   BIT SIZE         =   ----       5
END OF MODULE INFORMATION.


C51 COMPILATION COMPLETE.  0 WARNING(S),  0 ERROR(S)
