C51 COMPILER V9.51   UINITMCU                                                              05/29/2013 17:36:18 PAGE 1   


C51 COMPILER V9.51, COMPILATION OF MODULE UINITMCU
OBJECT MODULE PLACED IN .\outPut\UInitMCU.obj
COMPILER INVOKED BY: d:\Keil\C51\BIN\C51.EXE sii9135\UInitMCU.c LARGE BROWSE INCDIR(.\app;.\bsp;.\sii9135) DEBUG OBJECTE
                    -XTEND PRINT(.\outPut\UInitMCU.lst) TABS(2) PREPRINT(.\outPut\UInitMCU.i) OBJECT(.\outPut\UInitMCU.obj)

line level    source

   1          //------------------------------------------------------------------------------
   2          // Module Name: SiIInitMCU
   3          //
   4          // Module Description: Initialization of Microcontroller, this file must be customized
   5          //                     by user, unless same micorocontroller is used
   6          //
   7          // Copyright © 2002-2005, Silicon Image, Inc.  All rights reserved.
   8          //
   9          // No part of this work may be reproduced, modified, distributed, transmitted,
  10          // transcribed, or translated into any language or computer format, in any form
  11          // or by any means without written permission of: Silicon Image, Inc.,
  12          // 1060 East Arques Avenue, Sunnyvale, California 94085
  13          //------------------------------------------------------------------------------
  14          #include "UInitMCU.h"
  15          #include "SiIHAL.h"
  16          
  17          #ifdef _8051_
  18          
  19          #include "UMCUDefs.h"
  20          
  21          #endif
  22          
  23          //------------------------------------------------------------------------------
  24          // Function Name:  SetUART
  25          // Function Description:  setup UART
  26          //------------------------------------------------------------------------------
  27          static void SetUART( WORD wBaudrate ) {
  28   1      #ifdef _8051_
  29   1      // Setup TIMER1 to generate the proper baud rate.
  30   1      
  31   1          SM0 = 0; SM1 = 1;               /* serial port MODE 1 */
  32   1          SM2 = 0;
  33   1          REN = 1;                        /* enable serial receiver */
  34   1      
  35   1      // Clear transmit interrupt and buffer.
  36   1      
  37   1          TI = 0;                          /* clear transmit interrupt */
  38   1          RI = 0;
  39   1      
  40   1      // Set timer 1 up as a baud rate generator.
  41   1      
  42   1          TR1 = 0;                            /* stop timer 1 */
  43   1          ET1 = 0;                            /* disable timer 1 interrupt */
  44   1      
  45   1          PCON |= 0x80;                       /* 0x80=SMOD: set serial baudrate doubler */
  46   1      
  47   1          TMOD &= ~0xF0;                      /* clear timer 1 mode bits */
  48   1          TMOD |= 0x20;                       /* put timer 1 into MODE 2 */
  49   1      
  50   1          TH1 = (BYTE) (256 - (OSC / (16L * 12L * wBaudrate)));
  51   1      
  52   1          TR1 = 1;                            /* start timer 1 */
  53   1      
  54   1          TI = 1; // First symbol
C51 COMPILER V9.51   UINITMCU                                                              05/29/2013 17:36:18 PAGE 2   

  55   1      
  56   1      #endif
  57   1      }
  58          
  59          //------------------------------------------------------------------------------
  60          // Function Name: SetSystemTickTimer
  61          // Function Description: Setup system timer which used sync. API engine and delays
  62          //------------------------------------------------------------------------------
  63          static void SetSystemTickTimer( void ){
  64   1      #ifdef _8051_
  65   1          TL0 = 25;                      // Timer 0 for interruput every 250 us
  66   1          TH0 = 25;                      // internal clock div/ 12 and div 230 then
  67   1          TR0 = 1;
  68   1          ET0 = 1;                        // Timer 0  interrupts enable
  69   1          TMOD |= 0x02;                   // Timer 0 in Mode 2 (8-bit auto-reload)
  70   1      #endif
  71   1      }
  72          //------------------------------------------------------------------------------
  73          // Function Name: SetInterrupts
  74          // Function Description: Setup microcontrollers interrupts
  75          //------------------------------------------------------------------------------
  76          static void SetInterrupts( void ){
  77   1      #ifdef _8051_
  78   1          ES = 1;                // Serial interrupts enable
  79   1          ET0 = 1;               // Timer 0  interrupts enable
  80   1          IP = 0xA0;             // Highest priority goes to T2 (VRefreshRate)
  81   1          EA = 1;
  82   1      #endif
  83   1      }
  84          //------------------------------------------------------------------------------
  85          // Function Name: siiInitializeMCU
  86          // Function Description: Initialaze microcontroller
  87          //
  88          // Accepts: none
  89          // Returns: none
  90          // Globals: none
  91          //------------------------------------------------------------------------------
  92          void siiInitializeMCU( void ){
  93   1      
  94   1         SetUART( 19200 );
  95   1         SetSystemTickTimer();
  96   1         SetInterrupts();
  97   1      
  98   1      }
  99          


MODULE INFORMATION:   STATIC OVERLAYABLE
   CODE SIZE        =    102    ----
   CONSTANT SIZE    =   ----    ----
   XDATA SIZE       =   ----    ----
   PDATA SIZE       =   ----    ----
   DATA SIZE        =   ----    ----
   IDATA SIZE       =   ----    ----
   BIT SIZE         =   ----    ----
END OF MODULE INFORMATION.


C51 COMPILATION COMPLETE.  0 WARNING(S),  0 ERROR(S)
