C51 COMPILER V9.51   UKEYBOARD                                                             05/29/2013 17:36:19 PAGE 1   


C51 COMPILER V9.51, COMPILATION OF MODULE UKEYBOARD
OBJECT MODULE PLACED IN .\outPut\UKeyboard.obj
COMPILER INVOKED BY: d:\Keil\C51\BIN\C51.EXE sii9135\UKeyboard.c LARGE BROWSE INCDIR(.\app;.\bsp;.\sii9135) DEBUG OBJECT
                    -EXTEND PRINT(.\outPut\UKeyboard.lst) TABS(2) PREPRINT(.\outPut\UKeyboard.i) OBJECT(.\outPut\UKeyboard.obj)

line level    source

   1          //------------------------------------------------------------------------------
   2          // Module Name: UKeyboard.c
   3          //
   4          // Module Description:   processing a switchers keybord
   5          //
   6          // Copyright © 2002-2005, Silicon Image, Inc.  All rights reserved.
   7          //
   8          // No part of this work may be reproduced, modified, distributed, transmitted,
   9          // transcribed, or translated into any language or computer format, in any form
  10          // or by any means without written permission of: Silicon Image, Inc.,
  11          // 1060 East Arques Avenue, Sunnyvale, California 94085
  12          //------------------------------------------------------------------------------
  13          #include "UKeyboard.h"
  14          #include "UDemoLoader.h"
  15          #include "UCfgRX.h"
  16          #include "UMCU_IO.h"
  17          #include "SiIRX_API.h"
  18          
  19          
  20          //------------------------------------------------------------------------------
  21          // Function Name: KeyboardbSwCode
  22          // Function Description:  Gets Sw keybord code, makes debouncing, if new switcher is set
  23          //                        and confirmed, then function returns sw code. Otherwise Zero
  24          //                        has been return
  25          //------------------------------------------------------------------------------
  26          BYTE KeyboardProcessor( BYTE bPCB_Id ){
  27   1      BYTE bSwCode;
  28   1      static KeyboardType Switcher = { 0xFF, 0x00 };
  29   1      BYTE bResult = FALSE;
  30   1      BYTE bSwitchMask;
  31   1      
  32   1          if ( bPCB_Id == SiI_CP9041 ) {
  33   2              bSwitchMask = 0xF5;
  34   2          }
  35   1          else if ( bPCB_Id == SiI_CP9031 ) {
  36   2              bSwitchMask = 0x20;
  37   2          }
  38   1          else if (( bPCB_Id == SiI_CP9133 )||( bPCB_Id == SiI_CP9135||bPCB_Id == SiI_CP9125 )) {
  39   2              bSwitchMask = 0x08;
  40   2          }
  41   1      
  42   1          bSwCode = halGetSwitchState( bSwitchMask );
  43   1          if ( bSwCode != Switcher.bCode ) {
  44   2              Switcher.bCode = bSwCode;
  45   2              Switcher.bRepeatCounter = 0;
  46   2          }
  47   1          else if ( Switcher.bRepeatCounter == SWTHRESHHOLD ) {
  48   2              Switcher.bRepeatCounter = SWTHRESHHOLD + 1;
  49   2          if ( (( bPCB_Id == SiI_CP9133 )||( bPCB_Id == SiI_CP9135||bPCB_Id == SiI_CP9125 ))&& !Switcher.bCode ) {
             -    // There needs to be a better solution to returning 0x00 as a valid bResult!
  50   3            bResult = 0xCC;                   // Until then, just return something not currently used.
  51   3          }
  52   2          else {
  53   3            bResult = Switcher.bCode;
C51 COMPILER V9.51   UKEYBOARD                                                             05/29/2013 17:36:19 PAGE 2   

  54   3          }
  55   2          }
  56   1          else if( Switcher.bRepeatCounter < SWTHRESHHOLD ) {
  57   2              Switcher.bRepeatCounter++;
  58   2          }
  59   1          return bResult;
  60   1      }
  61          
  62          //------------------------------------------------------------------------------
  63          // Function Name:  KeyboardHandler()
  64          // Function Description:
  65          //
  66          // Accepts: none
  67          // Returns: none
  68          // Globals: none
  69          //------------------------------------------------------------------------------
  70          void siiKeyboardHandler( void ) {
  71   1      
  72   1      BYTE bSwCode, bPCB_Id;
  73   1      
  74   1        bPCB_Id = siiGetPCB_Id();
  75   1        bSwCode = KeyboardProcessor( bPCB_Id );
  76   1      
  77   1          if ( bSwCode ) {
  78   2          if ( bPCB_Id == SiI_CP9041 ) {
  79   3            siiDemoTaskLoader (bSwCode);
  80   3          }
  81   2      
  82   2          else if (( bPCB_Id == SiI_CP9133 )||( bPCB_Id == SiI_CP9135||bPCB_Id == SiI_CP9125 )) {
  83   3            SiI_RX_SetVideoInput ((bSwCode == 0x08) ? SiI_RX_VInCh1 : SiI_RX_VInCh2);
  84   3          }
  85   2          }
  86   1      }


MODULE INFORMATION:   STATIC OVERLAYABLE
   CODE SIZE        =    178    ----
   CONSTANT SIZE    =   ----    ----
   XDATA SIZE       =      2       2
   PDATA SIZE       =   ----    ----
   DATA SIZE        =   ----    ----
   IDATA SIZE       =   ----    ----
   BIT SIZE         =   ----    ----
END OF MODULE INFORMATION.


C51 COMPILATION COMPLETE.  0 WARNING(S),  0 ERROR(S)
